<?xml version="1.0" encoding="UTF-8"?>
<testsuite xmlns:xsi="http://www.w3.org/2001/XMLSchema-instance" xsi:noNamespaceSchemaLocation="https://maven.apache.org/surefire/maven-surefire-plugin/xsd/surefire-test-report-3.0.xsd" version="3.0" name="com.luv2code.junitdemo.DemoUtilsTest" time="2.259" tests="10" errors="0" skipped="0" failures="0">
  <properties>
    <property name="java.specification.version" value="18"/>
    <property name="sun.cpu.isalist" value="amd64"/>
    <property name="sun.jnu.encoding" value="Cp1252"/>
    <property name="java.class.path" value="C:\Users\AlejandriaRamai\IdeaProjects\spring-boot-unit-testing-main\1.00-starting-project\target\test-classes;C:\Users\AlejandriaRamai\IdeaProjects\spring-boot-unit-testing-main\1.00-starting-project\target\classes;C:\Users\AlejandriaRamai\.m2\repository\org\junit\jupiter\junit-jupiter\5.8.2\junit-jupiter-5.8.2.jar;C:\Users\AlejandriaRamai\.m2\repository\org\junit\jupiter\junit-jupiter-api\5.8.2\junit-jupiter-api-5.8.2.jar;C:\Users\AlejandriaRamai\.m2\repository\org\opentest4j\opentest4j\1.2.0\opentest4j-1.2.0.jar;C:\Users\AlejandriaRamai\.m2\repository\org\junit\platform\junit-platform-commons\1.8.2\junit-platform-commons-1.8.2.jar;C:\Users\AlejandriaRamai\.m2\repository\org\apiguardian\apiguardian-api\1.1.2\apiguardian-api-1.1.2.jar;C:\Users\AlejandriaRamai\.m2\repository\org\junit\jupiter\junit-jupiter-params\5.8.2\junit-jupiter-params-5.8.2.jar;C:\Users\AlejandriaRamai\.m2\repository\org\junit\jupiter\junit-jupiter-engine\5.8.2\junit-jupiter-engine-5.8.2.jar;C:\Users\AlejandriaRamai\.m2\repository\org\junit\platform\junit-platform-engine\1.8.2\junit-platform-engine-1.8.2.jar;"/>
    <property name="java.vm.vendor" value="Oracle Corporation"/>
    <property name="sun.arch.data.model" value="64"/>
    <property name="user.variant" value=""/>
    <property name="java.vendor.url" value="https://java.oracle.com/"/>
    <property name="user.timezone" value="Europe/Rome"/>
    <property name="os.name" value="Windows 10"/>
    <property name="java.vm.specification.version" value="18"/>
    <property name="sun.java.launcher" value="SUN_STANDARD"/>
    <property name="user.country" value="IT"/>
    <property name="sun.boot.library.path" value="C:\Program Files\Java\jdk-18.0.1.1\bin"/>
    <property name="sun.java.command" value="C:\Users\AlejandriaRamai\AppData\Local\Temp\surefire2696826654417652584\surefirebooter-20221013140941946_3.jar C:\Users\AlejandriaRamai\AppData\Local\Temp\surefire2696826654417652584 2022-10-13T14-09-41_376-jvmRun1 surefire-20221013140941946_1tmp surefire_0-20221013140941946_2tmp"/>
    <property name="jdk.debug" value="release"/>
    <property name="surefire.test.class.path" value="C:\Users\AlejandriaRamai\IdeaProjects\spring-boot-unit-testing-main\1.00-starting-project\target\test-classes;C:\Users\AlejandriaRamai\IdeaProjects\spring-boot-unit-testing-main\1.00-starting-project\target\classes;C:\Users\AlejandriaRamai\.m2\repository\org\junit\jupiter\junit-jupiter\5.8.2\junit-jupiter-5.8.2.jar;C:\Users\AlejandriaRamai\.m2\repository\org\junit\jupiter\junit-jupiter-api\5.8.2\junit-jupiter-api-5.8.2.jar;C:\Users\AlejandriaRamai\.m2\repository\org\opentest4j\opentest4j\1.2.0\opentest4j-1.2.0.jar;C:\Users\AlejandriaRamai\.m2\repository\org\junit\platform\junit-platform-commons\1.8.2\junit-platform-commons-1.8.2.jar;C:\Users\AlejandriaRamai\.m2\repository\org\apiguardian\apiguardian-api\1.1.2\apiguardian-api-1.1.2.jar;C:\Users\AlejandriaRamai\.m2\repository\org\junit\jupiter\junit-jupiter-params\5.8.2\junit-jupiter-params-5.8.2.jar;C:\Users\AlejandriaRamai\.m2\repository\org\junit\jupiter\junit-jupiter-engine\5.8.2\junit-jupiter-engine-5.8.2.jar;C:\Users\AlejandriaRamai\.m2\repository\org\junit\platform\junit-platform-engine\1.8.2\junit-platform-engine-1.8.2.jar;"/>
    <property name="sun.cpu.endian" value="little"/>
    <property name="user.home" value="C:\Users\AlejandriaRamai"/>
    <property name="user.language" value="it"/>
    <property name="java.specification.vendor" value="Oracle Corporation"/>
    <property name="java.version.date" value="2022-04-22"/>
    <property name="java.home" value="C:\Program Files\Java\jdk-18.0.1.1"/>
    <property name="file.separator" value="\"/>
    <property name="basedir" value="C:\Users\AlejandriaRamai\IdeaProjects\spring-boot-unit-testing-main\1.00-starting-project"/>
    <property name="java.vm.compressedOopsMode" value="32-bit"/>
    <property name="line.separator" value="&#10;"/>
    <property name="java.vm.specification.vendor" value="Oracle Corporation"/>
    <property name="java.specification.name" value="Java Platform API Specification"/>
    <property name="surefire.real.class.path" value="C:\Users\AlejandriaRamai\AppData\Local\Temp\surefire2696826654417652584\surefirebooter-20221013140941946_3.jar"/>
    <property name="user.script" value=""/>
    <property name="sun.management.compiler" value="HotSpot 64-Bit Tiered Compilers"/>
    <property name="java.runtime.version" value="18.0.1.1+2-6"/>
    <property name="user.name" value="AlejandriaRamai"/>
    <property name="path.separator" value=";"/>
    <property name="os.version" value="10.0"/>
    <property name="java.runtime.name" value="Java(TM) SE Runtime Environment"/>
    <property name="file.encoding" value="UTF-8"/>
    <property name="java.vm.name" value="Java HotSpot(TM) 64-Bit Server VM"/>
    <property name="localRepository" value="C:\Users\AlejandriaRamai\.m2\repository"/>
    <property name="java.vendor.url.bug" value="https://bugreport.java.com/bugreport/"/>
    <property name="java.io.tmpdir" value="C:\Users\ALEJAN~1\AppData\Local\Temp\"/>
    <property name="java.version" value="18.0.1.1"/>
    <property name="user.dir" value="C:\Users\AlejandriaRamai\IdeaProjects\spring-boot-unit-testing-main\1.00-starting-project"/>
    <property name="os.arch" value="amd64"/>
    <property name="java.vm.specification.name" value="Java Virtual Machine Specification"/>
    <property name="sun.os.patch.level" value=""/>
    <property name="native.encoding" value="Cp1252"/>
    <property name="java.library.path" value="C:\Program Files\Java\jdk-18.0.1.1\bin;C:\WINDOWS\Sun\Java\bin;C:\WINDOWS\system32;C:\WINDOWS;C:\WINDOWS\system32;C:\WINDOWS;C:\WINDOWS\System32\Wbem;C:\WINDOWS\System32\WindowsPowerShell\v1.0\;C:\WINDOWS\System32\OpenSSH\;C:\Program Files (x86)\Intel\Intel(R) Management Engine Components\DAL;C:\Program Files\Intel\Intel(R) Management Engine Components\DAL;C:\Program Files\Git\cmd;C:\Program Files\Java\jdk-18.0.1.1\bin;C:\Program Files\WinMerge;C:\Program Files\nodejs\;C:\Program Files\apache-maven-3.8.6\bin;;C:\Program Files\Docker\Docker\resources\bin;C:\ProgramData\DockerDesktop\version-bin;C:\Program Files\Amazon\AWSCLIV2\;C:\Program Files\MySQL\MySQL Shell 8.0\bin\;C:\Users\AlejandriaRamai\AppData\Local\Microsoft\WindowsApps;C:\Program Files\Java\jdk-18.0.1.1\bin;C:\Users\AlejandriaRamai\AppData\Local\Programs\Microsoft VS Code\bin;C:\Users\AlejandriaRamai\AppData\Roaming\npm;C:\Program Files\Maven\bin;;C:\Program Files\JetBrains\IntelliJ IDEA 2022.1.4\bin;;."/>
    <property name="java.vm.info" value="mixed mode, sharing"/>
    <property name="java.vendor" value="Oracle Corporation"/>
    <property name="java.vm.version" value="18.0.1.1+2-6"/>
    <property name="sun.io.unicode.encoding" value="UnicodeLittle"/>
    <property name="java.class.version" value="62.0"/>
  </properties>
  <testcase name="Null and Not Null" classname="com.luv2code.junitdemo.DemoUtilsTest" time="0.101"/>
  <testcase name="Equals and Not Equals" classname="com.luv2code.junitdemo.DemoUtilsTest" time="0.016"/>
  <testcase name="Lines match" classname="com.luv2code.junitdemo.DemoUtilsTest" time="0.015"/>
  <testcase name="Iterable Equals" classname="com.luv2code.junitdemo.DemoUtilsTest" time="0"/>
  <testcase name="Throws and Does Not Throw" classname="com.luv2code.junitdemo.DemoUtilsTest" time="0.022"/>
  <testcase name="Array Equals" classname="com.luv2code.junitdemo.DemoUtilsTest" time="0"/>
  <testcase name="Timeout" classname="com.luv2code.junitdemo.DemoUtilsTest" time="2.027">
    <system-out><![CDATA[I am going to sleep
Sleeping over
]]></system-out>
  </testcase>
  <testcase name="True and False" classname="com.luv2code.junitdemo.DemoUtilsTest" time="0.016"/>
  <testcase name="Multiply" classname="com.luv2code.junitdemo.DemoUtilsTest" time="0"/>
  <testcase name="Same and Not Same" classname="com.luv2code.junitdemo.DemoUtilsTest" time="0"/>
</testsuite>